MobileIMSDK-3.0b20170718/src_all/asdemo/demo/app/build/outputs/logs/manifest-merger-debug-report.txt
-- Merging decision tree log ---
manifest
ADDED from src\main\AndroidManifest.xml:1:1-48:12
	package
		ADDED from src\main\AndroidManifest.xml:2:5-51
		INJECTED from src\main\AndroidManifest.xml
		INJECTED from src\main\AndroidManifest.xml
	android:versionName
		ADDED from src\main\AndroidManifest.xml:4:5-40
		INJECTED from src\main\AndroidManifest.xml
		INJECTED from src\main\AndroidManifest.xml
	android:versionCode
		ADDED from src\main\AndroidManifest.xml:3:5-30
		INJECTED from src\main\AndroidManifest.xml
		INJECTED from src\main\AndroidManifest.xml
	xmlns:android
		ADDED from src\main\AndroidManifest.xml:1:11-69
uses-sdk
ADDED from src\main\AndroidManifest.xml:6:5-8:41
MERGED from [demo:mobileIMSDK4aXOpen:unspecified] AndroidManifest.xml:7:5-9:41
	android:targetSdkVersion
		ADDED from src\main\AndroidManifest.xml:8:9-38
		INJECTED from src\main\AndroidManifest.xml
		INJECTED from src\main\AndroidManifest.xml
	android:minSdkVersion
		ADDED from src\main\AndroidManifest.xml:7:9-35
		INJECTED from src\main\AndroidManifest.xml
		INJECTED from src\main\AndroidManifest.xml
uses-permission#android.permission.GET_TASKS
ADDED from src\main\AndroidManifest.xml:10:5-68
	android:name
		ADDED from src\main\AndroidManifest.xml:10:22-65
uses-permission#android.permission.INTERNET
ADDED from src\main\AndroidManifest.xml:12:5-67
MERGED from [demo:mobileIMSDK4aXOpen:unspecified] AndroidManifest.xml:11:5-67
	android:name
		ADDED from src\main\AndroidManifest.xml:12:22-64
uses-permission#android.permission.RESTART_PACKAGES
ADDED from src\main\AndroidManifest.xml:13:5-75
MERGED from [demo:mobileIMSDK4aXOpen:unspecified] AndroidManifest.xml:12:5-75
	android:name
		ADDED from src\main\AndroidManifest.xml:13:22-72
uses-permission#android.permission.ACCESS_NETWORK_STATE
ADDED from src\main\AndroidManifest.xml:14:5-79
MERGED from [demo:mobileIMSDK4aXOpen:unspecified] AndroidManifest.xml:13:5-79
	android:name
		ADDED from src\main\AndroidManifest.xml:14:22-76
uses-permission#android.permission.ACCESS_WIFI_STATE
ADDED from src\main\AndroidManifest.xml:15:5-76
MERGED from [demo:mobileIMSDK4aXOpen:unspecified] AndroidManifest.xml:14:5-76
	android:name
		ADDED from src\main\AndroidManifest.xml:15:22-73
application
ADDED from src\main\AndroidManifest.xml:17:5-46:19
MERGED from [demo:mobileIMSDK4aXOpen:unspecified] AndroidManifest.xml:16:5-21:19
	android:label
		ADDED from src\main\AndroidManifest.xml:20:9-41
	android:allowBackup
		ADDED from src\main\AndroidManifest.xml:18:9-35
	android:icon
		ADDED from src\main\AndroidManifest.xml:19:9-38
	android:theme
		ADDED from src\main\AndroidManifest.xml:21:9-40
activity#net.openmob.mobileimsdk.android.demo.SplashScreenActivity
ADDED from src\main\AndroidManifest.xml:22:9-31:20
	android:screenOrientation
		ADDED from src\main\AndroidManifest.xml:25:13-49
	android:label
		ADDED from src\main\AndroidManifest.xml:24:13-45
	android:windowSoftInputMode
		ADDED from src\main\AndroidManifest.xml:26:13-72
	android:name
		ADDED from src\main\AndroidManifest.xml:23:13-49
intent-filter#android.intent.action.MAIN+android.intent.category.LAUNCHER
ADDED from src\main\AndroidManifest.xml:27:13-30:29
action#android.intent.action.MAIN
ADDED from src\main\AndroidManifest.xml:28:17-69
	android:name
		ADDED from src\main\AndroidManifest.xml:28:25-66
category#android.intent.category.LAUNCHER
ADDED from src\main\AndroidManifest.xml:29:17-77
	android:name
		ADDED from src\main\AndroidManifest.xml:29:27-74
activity#net.openmob.mobileimsdk.android.demo.LoginActivity
ADDED from src\main\AndroidManifest.xml:32:9-38:20
	android:screenOrientation
		ADDED from src\main\AndroidManifest.xml:35:13-49
	android:windowSoftInputMode
		ADDED from src\main\AndroidManifest.xml:37:13-72
	android:configChanges
		ADDED from src\main\AndroidManifest.xml:34:13-63
	android:theme
		ADDED from src\main\AndroidManifest.xml:36:13-44
	android:name
		ADDED from src\main\AndroidManifest.xml:33:13-42
activity#net.openmob.mobileimsdk.android.demo.MainActivity
ADDED from src\main\AndroidManifest.xml:39:9-45:20
	android:screenOrientation
		ADDED from src\main\AndroidManifest.xml:42:13-49
	android:windowSoftInputMode
		ADDED from src\main\AndroidManifest.xml:44:13-72
	android:configChanges
		ADDED from src\main\AndroidManifest.xml:41:13-63
	android:theme
		ADDED from src\main\AndroidManifest.xml:43:13-44
	android:name
		ADDED from src\main\AndroidManifest.xml:40:13-41